<?xml version="1.0" encoding="UTF-8"?>
<!-- Generated by org.testng.reporters.JUnitXMLReporter -->
<testsuite ignored="2" hostname="Sauravs-MBP" failures="0" tests="1" name="Default test" time="7.179" errors="0" timestamp="2022-03-15T19:43:46 IST">
  <testcase classname="com.qa.api.gorest.tests.RestfulBookerHerokuapp" name="getUserBookingDetails_RestfulBookerHerokuappAPItest_03Test" time="7.145"/>
  <testcase classname="com.qa.api.gorest.tests.RestfulBookerHerokuapp" name="postBookingTicket_RestfulBookerHerokuappAPItest_02Test" time="0.0">
    <ignored/>
  </testcase> <!-- postBookingTicket_RestfulBookerHerokuappAPItest_02Test -->
  <testcase classname="com.qa.api.gorest.tests.RestfulBookerHerokuapp" name="getToken_RestfulBookerHerokuappAPItest_01Test" time="0.0">
    <ignored/>
  </testcase> <!-- getToken_RestfulBookerHerokuappAPItest_01Test -->
</testsuite> <!-- Default test -->
