<?xml version="1.0" encoding="UTF-8"?>
<!-- Generated by org.testng.reporters.JUnitXMLReporter -->
<testsuite ignored="0" hostname="Sauravs-MBP" failures="0" tests="17" name="Test" time="27.561" errors="0" timestamp="2022-03-15T20:33:12 IST">
  <testcase classname="com.qa.api.gorest.tests.Get_imgur_APITest" name="getAccountBlockStatusTest" time="1.466"/>
  <testcase classname="com.qa.api.gorest.tests.Get_imgur_APITest" name="uploadImagePostAPITest" time="2.12"/>
  <testcase classname="com.qa.api.gorest.tests.Get_imgur_APITest" name="getAccountImageTest" time="1.948"/>
  <testcase classname="com.qa.api.gorest.tests.RestfulBookerHerokuapp" name="getToken_RestfulBookerHerokuappAPItest_01Test" time="3.876"/>
  <testcase classname="com.qa.api.gorest.tests.RestfulBookerHerokuapp" name="postBookingTicket_RestfulBookerHerokuappAPItest_02Test" time="1.785"/>
  <testcase classname="com.qa.api.gorest.tests.RestfulBookerHerokuapp" name="getUserBookingDetails_RestfulBookerHerokuappAPItest_03Test" time="3.128"/>
  <testcase classname="com.qa.api.gorest.tests.DeleteUserTest" name="getAllUserListAPItest_01Test" time="0.001"/>
  <testcase classname="com.qa.api.gorest.tests.CreateUserTest" name="createUserAPITest_03Test" time="2.793"/>
  <testcase classname="com.qa.api.gorest.tests.CreateUserTest" name="createUserAPITest_03Test" time="0.34"/>
  <testcase classname="com.qa.api.gorest.tests.CreateUserTest" name="createUserAPITest_03Test" time="0.472"/>
  <testcase classname="com.qa.api.gorest.tests.CreateUserTest" name="createUserAPITest_03Test" time="0.342"/>
  <testcase classname="com.qa.api.gorest.tests.CreateUserTest" name="createUserAPITest_03Test" time="0.466"/>
  <testcase classname="com.qa.api.gorest.tests.CreateUserTest" name="createUserAPITest_03Test" time="0.425"/>
  <testcase classname="com.qa.api.gorest.tests.CreateUserTest" name="createUserAPITest_03Test" time="0.431"/>
  <testcase classname="com.qa.api.gorest.tests.CreateUserTest" name="createUserAPITest_03Test" time="0.374"/>
  <testcase classname="com.qa.api.gorest.tests.GetUserTest" name="getAllUserListAPItest_01Test" time="0.342"/>
  <testcase classname="com.qa.api.gorest.tests.GetUserTest" name="getUserWithQueryParamsAPItest_02Test" time="0.411"/>
</testsuite> <!-- Test -->
