<?xml version="1.0" encoding="UTF-8"?>
<!-- Generated by org.testng.reporters.JUnitXMLReporter -->
<testsuite ignored="0" hostname="Sauravs-MBP" failures="0" tests="17" name="Rest API regression Test" time="14.612" errors="0" timestamp="2022-03-16T14:18:29 IST">
  <testcase classname="com.qa.api.gorest.tests.DeleteUserTest" name="getAllUserListAPItest_01Test" time="0.015"/>
  <testcase classname="com.qa.api.gorest.tests.Get_imgur_APITest" name="getAccountBlockStatusTest" time="1.942"/>
  <testcase classname="com.qa.api.gorest.tests.CreateUserTest" name="createUserAPITest_03Test" time="5.8"/>
  <testcase classname="com.qa.api.gorest.tests.GetUserTest" name="getAllUserListAPItest_01Test" time="6.67"/>
  <testcase classname="com.qa.api.gorest.tests.CreateUserTest" name="createUserAPITest_03Test" time="0.275"/>
  <testcase classname="com.qa.api.gorest.tests.GetUserTest" name="getUserWithQueryParamsAPItest_02Test" time="0.277"/>
  <testcase classname="com.qa.api.gorest.tests.CreateUserTest" name="createUserAPITest_03Test" time="0.274"/>
  <testcase classname="com.qa.api.gorest.tests.CreateUserTest" name="createUserAPITest_03Test" time="0.276"/>
  <testcase classname="com.qa.api.gorest.tests.CreateUserTest" name="createUserAPITest_03Test" time="0.277"/>
  <testcase classname="com.qa.api.gorest.tests.CreateUserTest" name="createUserAPITest_03Test" time="0.229"/>
  <testcase classname="com.qa.api.gorest.tests.CreateUserTest" name="createUserAPITest_03Test" time="0.272"/>
  <testcase classname="com.qa.api.gorest.tests.CreateUserTest" name="createUserAPITest_03Test" time="0.246"/>
  <testcase classname="com.qa.api.gorest.tests.Get_imgur_APITest" name="uploadImagePostAPITest" time="2.632"/>
  <testcase classname="com.qa.api.gorest.tests.RestfulBookerHerokuapp" name="getToken_RestfulBookerHerokuappAPItest_01Test" time="3.445"/>
  <testcase classname="com.qa.api.gorest.tests.RestfulBookerHerokuapp" name="postBookingTicket_RestfulBookerHerokuappAPItest_02Test" time="1.764"/>
  <testcase classname="com.qa.api.gorest.tests.Get_imgur_APITest" name="getAccountImageTest" time="1.621"/>
  <testcase classname="com.qa.api.gorest.tests.RestfulBookerHerokuapp" name="getUserBookingDetails_RestfulBookerHerokuappAPItest_03Test" time="2.414"/>
</testsuite> <!-- Rest API regression Test -->
