<?xml version="1.0" encoding="UTF-8"?>
<!-- Generated by org.testng.reporters.JUnitXMLReporter -->
<testsuite ignored="0" hostname="DESKTOP-B1J8J2U" failures="0" tests="17" name="Rest API regression Test" time="15.112" errors="0" timestamp="2022-03-16T19:11:46 IST">
  <testcase classname="com.qa.api.gorest.tests.DeleteUserTest" name="getAllUserListAPItest_01Test" time="0.029"/>
  <testcase classname="com.qa.api.gorest.tests.CreateUserTest" name="createUserAPITest_03Test" time="3.141"/>
  <testcase classname="com.qa.api.gorest.tests.GetUserTest" name="getAllUserListAPItest_01Test" time="5.774"/>
  <testcase classname="com.qa.api.gorest.tests.GetUserTest" name="getUserWithQueryParamsAPItest_02Test" time="0.41"/>
  <testcase classname="com.qa.api.gorest.tests.CreateUserTest" name="createUserAPITest_03Test" time="0.614"/>
  <testcase classname="com.qa.api.gorest.tests.CreateUserTest" name="createUserAPITest_03Test" time="0.424"/>
  <testcase classname="com.qa.api.gorest.tests.CreateUserTest" name="createUserAPITest_03Test" time="0.505"/>
  <testcase classname="com.qa.api.gorest.tests.RestfulBookerHerokuapp" name="getToken_RestfulBookerHerokuappAPItest_01Test" time="1.567"/>
  <testcase classname="com.qa.api.gorest.tests.CreateUserTest" name="createUserAPITest_03Test" time="0.521"/>
  <testcase classname="com.qa.api.gorest.tests.CreateUserTest" name="createUserAPITest_03Test" time="0.491"/>
  <testcase classname="com.qa.api.gorest.tests.Get_imgur_APITest" name="getAccountBlockStatusTest" time="1.922"/>
  <testcase classname="com.qa.api.gorest.tests.CreateUserTest" name="createUserAPITest_03Test" time="0.49"/>
  <testcase classname="com.qa.api.gorest.tests.CreateUserTest" name="createUserAPITest_03Test" time="0.429"/>
  <testcase classname="com.qa.api.gorest.tests.RestfulBookerHerokuapp" name="postBookingTicket_RestfulBookerHerokuappAPItest_02Test" time="2.983"/>
  <testcase classname="com.qa.api.gorest.tests.Get_imgur_APITest" name="uploadImagePostAPITest" time="2.632"/>
  <testcase classname="com.qa.api.gorest.tests.RestfulBookerHerokuapp" name="getUserBookingDetails_RestfulBookerHerokuappAPItest_03Test" time="2.933"/>
  <testcase classname="com.qa.api.gorest.tests.Get_imgur_APITest" name="getAccountImageTest" time="1.474"/>
</testsuite> <!-- Rest API regression Test -->
