<?xml version="1.0" encoding="UTF-8"?>
<!-- Generated by org.testng.reporters.JUnitXMLReporter -->
<testsuite ignored="0" hostname="Sauravs-MBP" failures="0" tests="17" name="Rest API regression Test" time="12.24" errors="0" timestamp="2022-03-15T21:26:40 IST">
  <testcase classname="com.qa.api.gorest.tests.DeleteUserTest" name="getAllUserListAPItest_01Test" time="0.016"/>
  <testcase classname="com.qa.api.gorest.tests.GetUserTest" name="getAllUserListAPItest_01Test" time="4.14"/>
  <testcase classname="com.qa.api.gorest.tests.CreateUserTest" name="createUserAPITest_03Test" time="3.463"/>
  <testcase classname="com.qa.api.gorest.tests.Get_imgur_APITest" name="getAccountBlockStatusTest" time="1.258"/>
  <testcase classname="com.qa.api.gorest.tests.GetUserTest" name="getUserWithQueryParamsAPItest_02Test" time="0.384"/>
  <testcase classname="com.qa.api.gorest.tests.CreateUserTest" name="createUserAPITest_03Test" time="0.373"/>
  <testcase classname="com.qa.api.gorest.tests.CreateUserTest" name="createUserAPITest_03Test" time="0.386"/>
  <testcase classname="com.qa.api.gorest.tests.CreateUserTest" name="createUserAPITest_03Test" time="0.43"/>
  <testcase classname="com.qa.api.gorest.tests.CreateUserTest" name="createUserAPITest_03Test" time="0.392"/>
  <testcase classname="com.qa.api.gorest.tests.CreateUserTest" name="createUserAPITest_03Test" time="0.535"/>
  <testcase classname="com.qa.api.gorest.tests.CreateUserTest" name="createUserAPITest_03Test" time="0.297"/>
  <testcase classname="com.qa.api.gorest.tests.CreateUserTest" name="createUserAPITest_03Test" time="0.397"/>
  <testcase classname="com.qa.api.gorest.tests.RestfulBookerHerokuapp" name="getToken_RestfulBookerHerokuappAPItest_01Test" time="3.332"/>
  <testcase classname="com.qa.api.gorest.tests.Get_imgur_APITest" name="uploadImagePostAPITest" time="2.575"/>
  <testcase classname="com.qa.api.gorest.tests.RestfulBookerHerokuapp" name="postBookingTicket_RestfulBookerHerokuappAPItest_02Test" time="1.713"/>
  <testcase classname="com.qa.api.gorest.tests.Get_imgur_APITest" name="getAccountImageTest" time="1.266"/>
  <testcase classname="com.qa.api.gorest.tests.RestfulBookerHerokuapp" name="getUserBookingDetails_RestfulBookerHerokuappAPItest_03Test" time="2.625"/>
</testsuite> <!-- Rest API regression Test -->
