<?xml version="1.0" encoding="UTF-8"?>
<testng-results ignored="0" total="17" passed="17" failed="0" skipped="0">
  <reporter-output>
  </reporter-output>
  <suite started-at="2022-03-16T14:18:12 IST" name="Rest API Test Suite 01" finished-at="2022-03-16T14:18:27 IST" duration-ms="14612">
    <groups>
    </groups>
    <test started-at="2022-03-16T14:18:12 IST" name="Rest API regression Test" finished-at="2022-03-16T14:18:27 IST" duration-ms="14612">
      <class name="com.qa.api.gorest.tests.Get_imgur_APITest">
        <test-method is-config="true" signature="setUp()[pri:0, instance:com.qa.api.gorest.tests.Get_imgur_APITest@5e3f861]" started-at="2022-03-16T14:18:12 IST" name="setUp" finished-at="2022-03-16T14:18:15 IST" duration-ms="3239" status="PASS">
          <reporter-output>
          </reporter-output>
        </test-method> <!-- setUp -->
        <test-method signature="getAccountBlockStatusTest()[pri:5, instance:com.qa.api.gorest.tests.Get_imgur_APITest@5e3f861]" started-at="2022-03-16T14:18:15 IST" name="getAccountBlockStatusTest" finished-at="2022-03-16T14:18:17 IST" duration-ms="1942" status="PASS">
          <reporter-output>
          </reporter-output>
        </test-method> <!-- getAccountBlockStatusTest -->
        <test-method is-config="true" signature="setUp()[pri:0, instance:com.qa.api.gorest.tests.Get_imgur_APITest@5e3f861]" started-at="2022-03-16T14:18:17 IST" name="setUp" finished-at="2022-03-16T14:18:19 IST" duration-ms="1186" status="PASS">
          <reporter-output>
          </reporter-output>
        </test-method> <!-- setUp -->
        <test-method signature="uploadImagePostAPITest()[pri:6, instance:com.qa.api.gorest.tests.Get_imgur_APITest@5e3f861]" started-at="2022-03-16T14:18:19 IST" name="uploadImagePostAPITest" finished-at="2022-03-16T14:18:21 IST" duration-ms="2632" status="PASS">
          <reporter-output>
          </reporter-output>
        </test-method> <!-- uploadImagePostAPITest -->
        <test-method is-config="true" signature="setUp()[pri:0, instance:com.qa.api.gorest.tests.Get_imgur_APITest@5e3f861]" started-at="2022-03-16T14:18:21 IST" name="setUp" finished-at="2022-03-16T14:18:23 IST" duration-ms="1620" status="PASS">
          <reporter-output>
          </reporter-output>
        </test-method> <!-- setUp -->
        <test-method signature="getAccountImageTest()[pri:7, instance:com.qa.api.gorest.tests.Get_imgur_APITest@5e3f861]" started-at="2022-03-16T14:18:23 IST" name="getAccountImageTest" finished-at="2022-03-16T14:18:24 IST" duration-ms="1621" status="PASS">
          <reporter-output>
          </reporter-output>
        </test-method> <!-- getAccountImageTest -->
      </class> <!-- com.qa.api.gorest.tests.Get_imgur_APITest -->
      <class name="com.qa.api.gorest.tests.CreateUserTest">
        <test-method signature="createUserAPITest_03Test(java.lang.String, java.lang.String, java.lang.String, java.lang.String)[pri:2, instance:com.qa.api.gorest.tests.CreateUserTest@5be1d0a4]" started-at="2022-03-16T14:18:13 IST" name="createUserAPITest_03Test" data-provider="getUserData" finished-at="2022-03-16T14:18:19 IST" duration-ms="5800" status="PASS">
          <params>
            <param index="0">
              <value>
                <![CDATA[Batman]]>
              </value>
            </param>
            <param index="1">
              <value>
                <![CDATA[batman@dc.com]]>
              </value>
            </param>
            <param index="2">
              <value>
                <![CDATA[male]]>
              </value>
            </param>
            <param index="3">
              <value>
                <![CDATA[active]]>
              </value>
            </param>
          </params>
          <reporter-output>
          </reporter-output>
        </test-method> <!-- createUserAPITest_03Test -->
        <test-method signature="createUserAPITest_03Test(java.lang.String, java.lang.String, java.lang.String, java.lang.String)[pri:2, instance:com.qa.api.gorest.tests.CreateUserTest@5be1d0a4]" started-at="2022-03-16T14:18:19 IST" name="createUserAPITest_03Test" data-provider="getUserData" finished-at="2022-03-16T14:18:19 IST" duration-ms="275" status="PASS">
          <params>
            <param index="0">
              <value>
                <![CDATA[Superman]]>
              </value>
            </param>
            <param index="1">
              <value>
                <![CDATA[superman@dc.com]]>
              </value>
            </param>
            <param index="2">
              <value>
                <![CDATA[male]]>
              </value>
            </param>
            <param index="3">
              <value>
                <![CDATA[inactive]]>
              </value>
            </param>
          </params>
          <reporter-output>
          </reporter-output>
        </test-method> <!-- createUserAPITest_03Test -->
        <test-method signature="createUserAPITest_03Test(java.lang.String, java.lang.String, java.lang.String, java.lang.String)[pri:2, instance:com.qa.api.gorest.tests.CreateUserTest@5be1d0a4]" started-at="2022-03-16T14:18:19 IST" name="createUserAPITest_03Test" data-provider="getUserData" finished-at="2022-03-16T14:18:19 IST" duration-ms="274" status="PASS">
          <params>
            <param index="0">
              <value>
                <![CDATA[Wonder women]]>
              </value>
            </param>
            <param index="1">
              <value>
                <![CDATA[wonderwomen@dc.com]]>
              </value>
            </param>
            <param index="2">
              <value>
                <![CDATA[female]]>
              </value>
            </param>
            <param index="3">
              <value>
                <![CDATA[inactive]]>
              </value>
            </param>
          </params>
          <reporter-output>
          </reporter-output>
        </test-method> <!-- createUserAPITest_03Test -->
        <test-method signature="createUserAPITest_03Test(java.lang.String, java.lang.String, java.lang.String, java.lang.String)[pri:2, instance:com.qa.api.gorest.tests.CreateUserTest@5be1d0a4]" started-at="2022-03-16T14:18:19 IST" name="createUserAPITest_03Test" data-provider="getUserData" finished-at="2022-03-16T14:18:19 IST" duration-ms="276" status="PASS">
          <params>
            <param index="0">
              <value>
                <![CDATA[Nagraj]]>
              </value>
            </param>
            <param index="1">
              <value>
                <![CDATA[nagraj@rajcomics.com]]>
              </value>
            </param>
            <param index="2">
              <value>
                <![CDATA[male]]>
              </value>
            </param>
            <param index="3">
              <value>
                <![CDATA[active]]>
              </value>
            </param>
          </params>
          <reporter-output>
          </reporter-output>
        </test-method> <!-- createUserAPITest_03Test -->
        <test-method signature="createUserAPITest_03Test(java.lang.String, java.lang.String, java.lang.String, java.lang.String)[pri:2, instance:com.qa.api.gorest.tests.CreateUserTest@5be1d0a4]" started-at="2022-03-16T14:18:19 IST" name="createUserAPITest_03Test" data-provider="getUserData" finished-at="2022-03-16T14:18:20 IST" duration-ms="277" status="PASS">
          <params>
            <param index="0">
              <value>
                <![CDATA[Ironman]]>
              </value>
            </param>
            <param index="1">
              <value>
                <![CDATA[tonystrak@marvel.com]]>
              </value>
            </param>
            <param index="2">
              <value>
                <![CDATA[male]]>
              </value>
            </param>
            <param index="3">
              <value>
                <![CDATA[inactive]]>
              </value>
            </param>
          </params>
          <reporter-output>
          </reporter-output>
        </test-method> <!-- createUserAPITest_03Test -->
        <test-method signature="createUserAPITest_03Test(java.lang.String, java.lang.String, java.lang.String, java.lang.String)[pri:2, instance:com.qa.api.gorest.tests.CreateUserTest@5be1d0a4]" started-at="2022-03-16T14:18:20 IST" name="createUserAPITest_03Test" data-provider="getUserData" finished-at="2022-03-16T14:18:20 IST" duration-ms="229" status="PASS">
          <params>
            <param index="0">
              <value>
                <![CDATA[Hulk]]>
              </value>
            </param>
            <param index="1">
              <value>
                <![CDATA[hulk@marvel.com]]>
              </value>
            </param>
            <param index="2">
              <value>
                <![CDATA[male]]>
              </value>
            </param>
            <param index="3">
              <value>
                <![CDATA[active]]>
              </value>
            </param>
          </params>
          <reporter-output>
          </reporter-output>
        </test-method> <!-- createUserAPITest_03Test -->
        <test-method signature="createUserAPITest_03Test(java.lang.String, java.lang.String, java.lang.String, java.lang.String)[pri:2, instance:com.qa.api.gorest.tests.CreateUserTest@5be1d0a4]" started-at="2022-03-16T14:18:20 IST" name="createUserAPITest_03Test" data-provider="getUserData" finished-at="2022-03-16T14:18:20 IST" duration-ms="272" status="PASS">
          <params>
            <param index="0">
              <value>
                <![CDATA[Black Widow]]>
              </value>
            </param>
            <param index="1">
              <value>
                <![CDATA[blackwidow@marvel.com]]>
              </value>
            </param>
            <param index="2">
              <value>
                <![CDATA[female]]>
              </value>
            </param>
            <param index="3">
              <value>
                <![CDATA[active]]>
              </value>
            </param>
          </params>
          <reporter-output>
          </reporter-output>
        </test-method> <!-- createUserAPITest_03Test -->
        <test-method signature="createUserAPITest_03Test(java.lang.String, java.lang.String, java.lang.String, java.lang.String)[pri:2, instance:com.qa.api.gorest.tests.CreateUserTest@5be1d0a4]" started-at="2022-03-16T14:18:20 IST" name="createUserAPITest_03Test" data-provider="getUserData" finished-at="2022-03-16T14:18:21 IST" duration-ms="246" status="PASS">
          <params>
            <param index="0">
              <value>
                <![CDATA[Shaktimaan]]>
              </value>
            </param>
            <param index="1">
              <value>
                <![CDATA[shaktimaan@ddone.com]]>
              </value>
            </param>
            <param index="2">
              <value>
                <![CDATA[male]]>
              </value>
            </param>
            <param index="3">
              <value>
                <![CDATA[inactive]]>
              </value>
            </param>
          </params>
          <reporter-output>
          </reporter-output>
        </test-method> <!-- createUserAPITest_03Test -->
      </class> <!-- com.qa.api.gorest.tests.CreateUserTest -->
      <class name="com.qa.api.gorest.tests.RestfulBookerHerokuapp">
        <test-method signature="getToken_RestfulBookerHerokuappAPItest_01Test()[pri:8, instance:com.qa.api.gorest.tests.RestfulBookerHerokuapp@2fb0623e]" started-at="2022-03-16T14:18:19 IST" name="getToken_RestfulBookerHerokuappAPItest_01Test" finished-at="2022-03-16T14:18:22 IST" duration-ms="3445" status="PASS">
          <reporter-output>
          </reporter-output>
        </test-method> <!-- getToken_RestfulBookerHerokuappAPItest_01Test -->
        <test-method signature="postBookingTicket_RestfulBookerHerokuappAPItest_02Test()[pri:9, instance:com.qa.api.gorest.tests.RestfulBookerHerokuapp@2fb0623e]" started-at="2022-03-16T14:18:23 IST" name="postBookingTicket_RestfulBookerHerokuappAPItest_02Test" finished-at="2022-03-16T14:18:24 IST" duration-ms="1764" status="PASS">
          <reporter-output>
          </reporter-output>
        </test-method> <!-- postBookingTicket_RestfulBookerHerokuappAPItest_02Test -->
        <test-method signature="getUserBookingDetails_RestfulBookerHerokuappAPItest_03Test()[pri:10, instance:com.qa.api.gorest.tests.RestfulBookerHerokuapp@2fb0623e]" started-at="2022-03-16T14:18:24 IST" name="getUserBookingDetails_RestfulBookerHerokuappAPItest_03Test" finished-at="2022-03-16T14:18:27 IST" duration-ms="2414" status="PASS">
          <reporter-output>
          </reporter-output>
        </test-method> <!-- getUserBookingDetails_RestfulBookerHerokuappAPItest_03Test -->
      </class> <!-- com.qa.api.gorest.tests.RestfulBookerHerokuapp -->
      <class name="com.qa.api.gorest.tests.DeleteUserTest">
        <test-method signature="getAllUserListAPItest_01Test()[pri:4, instance:com.qa.api.gorest.tests.DeleteUserTest@49b2a47d]" started-at="2022-03-16T14:18:12 IST" name="getAllUserListAPItest_01Test" finished-at="2022-03-16T14:18:12 IST" duration-ms="15" status="PASS">
          <reporter-output>
          </reporter-output>
        </test-method> <!-- getAllUserListAPItest_01Test -->
      </class> <!-- com.qa.api.gorest.tests.DeleteUserTest -->
      <class name="com.qa.api.gorest.tests.GetUserTest">
        <test-method signature="getAllUserListAPItest_01Test()[pri:1, instance:com.qa.api.gorest.tests.GetUserTest@415b0b49]" started-at="2022-03-16T14:18:12 IST" name="getAllUserListAPItest_01Test" finished-at="2022-03-16T14:18:19 IST" duration-ms="6670" status="PASS">
          <reporter-output>
          </reporter-output>
        </test-method> <!-- getAllUserListAPItest_01Test -->
        <test-method signature="getUserWithQueryParamsAPItest_02Test()[pri:3, instance:com.qa.api.gorest.tests.GetUserTest@415b0b49]" started-at="2022-03-16T14:18:19 IST" name="getUserWithQueryParamsAPItest_02Test" finished-at="2022-03-16T14:18:19 IST" duration-ms="277" status="PASS">
          <reporter-output>
          </reporter-output>
        </test-method> <!-- getUserWithQueryParamsAPItest_02Test -->
      </class> <!-- com.qa.api.gorest.tests.GetUserTest -->
    </test> <!-- Rest API regression Test -->
  </suite> <!-- Rest API Test Suite 01 -->
</testng-results>
